<?xml version="1.0" encoding="UTF-8"?>
<testsuite name="com.addressbook.AddressBookTest" tests="1" skipped="0" failures="0" errors="0" timestamp="2019-12-07T05:14:00" hostname="admin1-desktop" time="0.122">
  <properties/>
  <testcase name="givenFileName_WhenProper_ShouldReturnTrue" classname="com.addressbook.AddressBookTest" time="0.122"/>
  <system-out><![CDATA[Address Book Created
]]></system-out>
  <system-err><![CDATA[]]></system-err>
</testsuite>
