<?xml version="1.0" encoding="UTF-8"?>
<testsuite name="com.addressbook.AddressBookTest" tests="1" skipped="0" failures="0" errors="0" timestamp="2019-12-06T07:28:45" hostname="admin1-desktop" time="0.157">
  <properties/>
  <testcase name="givenPersonInfo_WhenProper_ShouldReturnFalseAndWriteIntoFile" classname="com.addressbook.AddressBookTest" time="0.157"/>
  <system-out><![CDATA[Invalid Input
]]></system-out>
  <system-err><![CDATA[]]></system-err>
</testsuite>
